<?xml version="1.0" encoding="UTF-8"?>
<testng-results ignored="0" total="1" passed="1" failed="0" skipped="0">
  <reporter-output>
  </reporter-output>
  <suite started-at="2023-06-03T17:12:10 IST" name="Default suite" finished-at="2023-06-03T17:12:10 IST" duration-ms="106">
    <groups>
    </groups>
    <test started-at="2023-06-03T17:12:10 IST" name="Default test" finished-at="2023-06-03T17:12:10 IST" duration-ms="106">
      <class name="section2.Practice4Test">
        <test-method signature="test4()[pri:0, instance:section2.Practice4Test@25641d39]" started-at="2023-06-03T17:12:10 IST" name="test4" finished-at="2023-06-03T17:12:10 IST" duration-ms="18" status="PASS">
          <reporter-output>
          </reporter-output>
        </test-method> <!-- test4 -->
      </class> <!-- section2.Practice4Test -->
    </test> <!-- Default test -->
  </suite> <!-- Default suite -->
</testng-results>
